#
# There is insufficient memory for the Java Runtime Environment to continue.
# Native memory allocation (malloc) failed to allocate 32744 bytes for ChunkPool::allocate
# Possible reasons:
#   The system is out of physical RAM or swap space
#   In 32 bit mode, the process size limit was hit
# Possible solutions:
#   Reduce memory load on the system
#   Increase physical memory or swap space
#   Check if swap backing store is full
#   Use 64 bit Java on a 64 bit OS
#   Decrease Java heap size (-Xmx/-Xms)
#   Decrease number of Java threads
#   Decrease Java thread stack sizes (-Xss)
#   Set larger code cache with -XX:ReservedCodeCacheSize=
# This output file may be truncated or incomplete.
#
#  Out of Memory Error (allocation.cpp:273), pid=10452, tid=0x0000000000001750
#
# JRE version: Java(TM) SE Runtime Environment (8.0_144-b01) (build 1.8.0_144-b01)
# Java VM: Java HotSpot(TM) 64-Bit Server VM (25.144-b01 mixed mode windows-amd64 compressed oops)
# Failed to write core dump. Minidumps are not enabled by default on client versions of Windows
#

---------------  T H R E A D  ---------------

Current thread (0x000000001465c800):  JavaThread "C1 CompilerThread2" daemon [_thread_in_native, id=5968, stack(0x0000000015ea0000,0x0000000015fa0000)]

Stack: [0x0000000015ea0000,0x0000000015fa0000]
[error occurred during error reporting (printing stack bounds), id 0xc0000005]

Native frames: (J=compiled Java code, j=interpreted, Vv=VM code, C=native code)


Current CompileTask:
C1:  36146 1357       3       java.lang.Class::getEnclosingClass (60 bytes)


---------------  P R O C E S S  ---------------

Java Threads: ( => current thread )
  0x0000000016c76800 JavaThread "Exec Stream Pumper" daemon [_thread_in_native, id=7464, stack(0x0000000017ab0000,0x0000000017bb0000)]
  0x0000000016b74000 JavaThread "Exec Stream Pumper" daemon [_thread_in_native, id=7456, stack(0x00000000179b0000,0x0000000017ab0000)]
  0x0000000016b60000 JavaThread "UrlChecker-2" daemon [_thread_blocked, id=7452, stack(0x00000000178b0000,0x00000000179b0000)]
  0x0000000016c41800 JavaThread "Exec Default Executor" daemon [_thread_in_native, id=7532, stack(0x00000000177b0000,0x00000000178b0000)]
  0x0000000016615800 JavaThread "ReaderThread" [_thread_in_native, id=7736, stack(0x00000000172b0000,0x00000000173b0000)]
  0x0000000015fd4000 JavaThread "Service Thread" daemon [_thread_blocked, id=7360, stack(0x00000000163a0000,0x00000000164a0000)]
=>0x000000001465c800 JavaThread "C1 CompilerThread2" daemon [_thread_in_native, id=5968, stack(0x0000000015ea0000,0x0000000015fa0000)]
  0x0000000014637000 JavaThread "C2 CompilerThread1" daemon [_thread_blocked, id=9312, stack(0x0000000015da0000,0x0000000015ea0000)]
  0x000000001462f000 JavaThread "C2 CompilerThread0" daemon [_thread_blocked, id=7780, stack(0x0000000015ca0000,0x0000000015da0000)]
  0x000000001462d000 JavaThread "Attach Listener" daemon [_thread_blocked, id=4444, stack(0x0000000015ba0000,0x0000000015ca0000)]
  0x000000001462b800 JavaThread "Signal Dispatcher" daemon [_thread_blocked, id=10464, stack(0x0000000015aa0000,0x0000000015ba0000)]
  0x000000000245b800 JavaThread "Finalizer" daemon [_thread_blocked, id=6556, stack(0x00000000158b0000,0x00000000159b0000)]
  0x0000000002450800 JavaThread "Reference Handler" daemon [_thread_blocked, id=3652, stack(0x00000000157b0000,0x00000000158b0000)]
  0x0000000000a6e800 JavaThread "main" [_thread_in_Java, id=6824, stack(0x0000000002200000,0x0000000002300000)]

Other Threads:
  0x00000000145f8800 VMThread [stack: 0x00000000156b0000,0x00000000157b0000] [id=9652]
  0x0000000015ff1000 WatcherThread [stack: 0x00000000164a0000,0x00000000165a0000] [id=6276]

VM state:not at safepoint (normal execution)

VM Mutex/Monitor currently owned by a thread: None

Heap:
 PSYoungGen      total 16896K, used 13085K [0x00000000ed800000, 0x00000000eea80000, 0x0000000100000000)
  eden space 14848K, 74% used [0x00000000ed800000,0x00000000ee2cb608,0x00000000ee680000)
  from space 2048K, 99% used [0x00000000ee680000,0x00000000ee87c030,0x00000000ee880000)
  to   space 2048K, 0% used [0x00000000ee880000,0x00000000ee880000,0x00000000eea80000)
 ParOldGen       total 38400K, used 5960K [0x00000000c8800000, 0x00000000cad80000, 0x00000000ed800000)
  object space 38400K, 15% used [0x00000000c8800000,0x00000000c8dd20f8,0x00000000cad80000)
 Metaspace       used 16317K, capacity 16664K, committed 16896K, reserved 1064960K
  class space    used 2111K, capacity 2262K, committed 2304K, reserved 1048576K

Card table byte_map: [0x0000000011820000,0x00000000119e0000] byte_map_base: 0x00000000111dc000

Marking Bits: (ParMarkBitMap*) 0x000000005cf6d850
 Begin Bits: [0x0000000011f10000, 0x0000000012cf0000)
 End Bits:   [0x0000000012cf0000, 0x0000000013ad0000)

Polling page: 0x0000000000a50000

CodeCache: size=245760Kb used=4559Kb max_used=4580Kb free=241200Kb
 bounds [0x0000000002460000, 0x00000000028e0000, 0x0000000011460000]
 total_blobs=1761 nmethods=1361 adapters=314
 compilation: enabled

Compilation events (10 events):
Event: 34.711 Thread 0x000000001465c800 1353       3       com.google.gson.JsonElement::isJsonPrimitive (5 bytes)
Event: 34.712 Thread 0x000000001465c800 nmethod 1353 0x00000000028d6310 code [0x00000000028d6460, 0x00000000028d66b0]
Event: 34.712 Thread 0x000000001465c800 1354       3       com.google.common.base.Preconditions::checkArgument (13 bytes)
Event: 34.712 Thread 0x000000001465c800 nmethod 1354 0x00000000028d5e90 code [0x00000000028d6000, 0x00000000028d6228]
Event: 34.717 Thread 0x000000001465c800 1355       1       java.util.logging.Level::intValue (5 bytes)
Event: 34.717 Thread 0x000000001465c800 nmethod 1355 0x00000000028d5bd0 code [0x00000000028d5d20, 0x00000000028d5e30]
Event: 35.922 Thread 0x000000001465c800 1356       1       org.apache.http.message.BufferedHeader::getName (5 bytes)
Event: 35.923 Thread 0x000000001465c800 nmethod 1356 0x00000000028d5910 code [0x00000000028d5a60, 0x00000000028d5b70]
Event: 35.925 Thread 0x000000001465c800 1357       3       java.lang.Class::getEnclosingClass (60 bytes)
Event: 35.925 Thread 0x0000000014637000 1358       4       java.util.Collections$UnmodifiableCollection$1::next (10 bytes)

GC Heap History (6 events):
Event: 1.913 GC heap before
{Heap before GC invocations=1 (full 0):
 PSYoungGen      total 16896K, used 14848K [0x00000000ed800000, 0x00000000eea80000, 0x0000000100000000)
  eden space 14848K, 100% used [0x00000000ed800000,0x00000000ee680000,0x00000000ee680000)
  from space 2048K, 0% used [0x00000000ee880000,0x00000000ee880000,0x00000000eea80000)
  to   space 2048K, 0% used [0x00000000ee680000,0x00000000ee680000,0x00000000ee880000)
 ParOldGen       total 38400K, used 0K [0x00000000c8800000, 0x00000000cad80000, 0x00000000ed800000)
  object space 38400K, 0% used [0x00000000c8800000,0x00000000c8800000,0x00000000cad80000)
 Metaspace       used 7940K, capacity 8038K, committed 8192K, reserved 1056768K
  class space    used 934K, capacity 977K, committed 1024K, reserved 1048576K
Event: 1.920 GC heap after
Heap after GC invocations=1 (full 0):
 PSYoungGen      total 16896K, used 2018K [0x00000000ed800000, 0x00000000eea80000, 0x0000000100000000)
  eden space 14848K, 0% used [0x00000000ed800000,0x00000000ed800000,0x00000000ee680000)
  from space 2048K, 98% used [0x00000000ee680000,0x00000000ee878a98,0x00000000ee880000)
  to   space 2048K, 0% used [0x00000000ee880000,0x00000000ee880000,0x00000000eea80000)
 ParOldGen       total 38400K, used 1334K [0x00000000c8800000, 0x00000000cad80000, 0x00000000ed800000)
  object space 38400K, 3% used [0x00000000c8800000,0x00000000c894d8c8,0x00000000cad80000)
 Metaspace       used 7940K, capacity 8038K, committed 8192K, reserved 1056768K
  class space    used 934K, capacity 977K, committed 1024K, reserved 1048576K
}
Event: 3.447 GC heap before
{Heap before GC invocations=2 (full 0):
 PSYoungGen      total 16896K, used 16866K [0x00000000ed800000, 0x00000000eea80000, 0x0000000100000000)
  eden space 14848K, 100% used [0x00000000ed800000,0x00000000ee680000,0x00000000ee680000)
  from space 2048K, 98% used [0x00000000ee680000,0x00000000ee878a98,0x00000000ee880000)
  to   space 2048K, 0% used [0x00000000ee880000,0x00000000ee880000,0x00000000eea80000)
 ParOldGen       total 38400K, used 1334K [0x00000000c8800000, 0x00000000cad80000, 0x00000000ed800000)
  object space 38400K, 3% used [0x00000000c8800000,0x00000000c894d8c8,0x00000000cad80000)
 Metaspace       used 11651K, capacity 11836K, committed 12032K, reserved 1060864K
  class space    used 1387K, capacity 1448K, committed 1536K, reserved 1048576K
Event: 3.457 GC heap after
Heap after GC invocations=2 (full 0):
 PSYoungGen      total 16896K, used 2032K [0x00000000ed800000, 0x00000000eea80000, 0x0000000100000000)
  eden space 14848K, 0% used [0x00000000ed800000,0x00000000ed800000,0x00000000ee680000)
  from space 2048K, 99% used [0x00000000ee880000,0x00000000eea7c040,0x00000000eea80000)
  to   space 2048K, 0% used [0x00000000ee680000,0x00000000ee680000,0x00000000ee880000)
 ParOldGen       total 38400K, used 3435K [0x00000000c8800000, 0x00000000cad80000, 0x00000000ed800000)
  object space 38400K, 8% used [0x00000000c8800000,0x00000000c8b5af70,0x00000000cad80000)
 Metaspace       used 11651K, capacity 11836K, committed 12032K, reserved 1060864K
  class space    used 1387K, capacity 1448K, committed 1536K, reserved 1048576K
}
Event: 4.754 GC heap before
{Heap before GC invocations=3 (full 0):
 PSYoungGen      total 16896K, used 16880K [0x00000000ed800000, 0x00000000eea80000, 0x0000000100000000)
  eden space 14848K, 100% used [0x00000000ed800000,0x00000000ee680000,0x00000000ee680000)
  from space 2048K, 99% used [0x00000000ee880000,0x00000000eea7c040,0x00000000eea80000)
  to   space 2048K, 0% used [0x00000000ee680000,0x00000000ee680000,0x00000000ee880000)
 ParOldGen       total 38400K, used 3435K [0x00000000c8800000, 0x00000000cad80000, 0x00000000ed800000)
  object space 38400K, 8% used [0x00000000c8800000,0x00000000c8b5af70,0x00000000cad80000)
 Metaspace       used 13822K, capacity 14102K, committed 14464K, reserved 1062912K
  class space    used 1710K, capacity 1819K, committed 1920K, reserved 1048576K
Event: 4.763 GC heap after
Heap after GC invocations=3 (full 0):
 PSYoungGen      total 16896K, used 2032K [0x00000000ed800000, 0x00000000eea80000, 0x0000000100000000)
  eden space 14848K, 0% used [0x00000000ed800000,0x00000000ed800000,0x00000000ee680000)
  from space 2048K, 99% used [0x00000000ee680000,0x00000000ee87c030,0x00000000ee880000)
  to   space 2048K, 0% used [0x00000000ee880000,0x00000000ee880000,0x00000000eea80000)
 ParOldGen       total 38400K, used 5960K [0x00000000c8800000, 0x00000000cad80000, 0x00000000ed800000)
  object space 38400K, 15% used [0x00000000c8800000,0x00000000c8dd20f8,0x00000000cad80000)
 Metaspace       used 13822K, capacity 14102K, committed 14464K, reserved 1062912K
  class space    used 1710K, capacity 1819K, committed 1920K, reserved 1048576K
}

Deoptimization events (10 events):
Event: 3.975 Thread 0x0000000000a6e800 Uncommon trap: reason=unstable_if action=reinterpret pc=0x00000000025fbd9c method=java.lang.String.replace(CC)Ljava/lang/String; @ 2
Event: 3.984 Thread 0x0000000000a6e800 Uncommon trap: reason=unstable_if action=reinterpret pc=0x0000000002841214 method=java.util.concurrent.ConcurrentHashMap.addCount(JI)V @ 121
Event: 4.061 Thread 0x0000000016b60000 Uncommon trap: reason=unstable_if action=reinterpret pc=0x000000000277bc5c method=java.lang.CharacterDataLatin1.digit(II)I @ 82
Event: 4.573 Thread 0x0000000016b60000 Uncommon trap: reason=unstable_if action=reinterpret pc=0x000000000277c794 method=java.lang.CharacterDataLatin1.digit(II)I @ 82
Event: 4.888 Thread 0x0000000000a6e800 Uncommon trap: reason=class_check action=maybe_recompile pc=0x00000000027a71b4 method=java.util.regex.Pattern$Curly.match(Ljava/util/regex/Matcher;ILjava/lang/CharSequence;)Z @ 19
Event: 4.888 Thread 0x0000000000a6e800 Uncommon trap: reason=class_check action=maybe_recompile pc=0x00000000027a71b4 method=java.util.regex.Pattern$Curly.match(Ljava/util/regex/Matcher;ILjava/lang/CharSequence;)Z @ 19
Event: 4.894 Thread 0x0000000000a6e800 Uncommon trap: reason=class_check action=maybe_recompile pc=0x00000000027a71b4 method=java.util.regex.Pattern$Curly.match(Ljava/util/regex/Matcher;ILjava/lang/CharSequence;)Z @ 19
Event: 4.895 Thread 0x0000000000a6e800 Uncommon trap: reason=class_check action=maybe_recompile pc=0x00000000027a71b4 method=java.util.regex.Pattern$Curly.match(Ljava/util/regex/Matcher;ILjava/lang/CharSequence;)Z @ 19
Event: 5.075 Thread 0x0000000000a6e800 Uncommon trap: reason=unstable_if action=reinterpret pc=0x0000000002790710 method=java.util.regex.Pattern$BmpCharProperty.match(Ljava/util/regex/Matcher;ILjava/lang/CharSequence;)Z @ 34
Event: 5.230 Thread 0x0000000000a6e800 Uncommon trap: reason=unstable_if action=reinterpret pc=0x00000000028604e8 method=java.util.concurrent.ConcurrentHashMap.putVal(Ljava/lang/Object;Ljava/lang/Object;Z)Ljava/lang/Object; @ 206

Internal exceptions (10 events):
Event: 1.567 Thread 0x0000000000a6e800 Exception <a 'java/lang/ArrayIndexOutOfBoundsException'> (0x00000000ee15a4f0) thrown at [C:\re\workspace\8-2-build-windows-amd64-cygwin\jdk8u144\9417\hotspot\src\share\vm\runtime\sharedRuntime.cpp, line 605]
Event: 1.905 Thread 0x0000000000a6e800 Exception <a 'java/lang/ArrayIndexOutOfBoundsException': 65> (0x00000000ee674f38) thrown at [C:\re\workspace\8-2-build-windows-amd64-cygwin\jdk8u144\9417\hotspot\src\share\vm\interpreter\interpreterRuntime.cpp, line 366]
Event: 1.912 Thread 0x0000000000a6e800 Exception <a 'java/lang/ArrayIndexOutOfBoundsException': 60> (0x00000000ee67a9e0) thrown at [C:\re\workspace\8-2-build-windows-amd64-cygwin\jdk8u144\9417\hotspot\src\share\vm\interpreter\interpreterRuntime.cpp, line 366]
Event: 2.412 Thread 0x0000000000a6e800 Exception <a 'java/lang/NoSuchFieldError': method resolution failed> (0x00000000edda2778) thrown at [C:\re\workspace\8-2-build-windows-amd64-cygwin\jdk8u144\9417\hotspot\src\share\vm\prims\methodHandles.cpp, line 1146]
Event: 2.417 Thread 0x0000000000a6e800 Exception <a 'java/lang/NoSuchFieldError': method resolution failed> (0x00000000eddafe68) thrown at [C:\re\workspace\8-2-build-windows-amd64-cygwin\jdk8u144\9417\hotspot\src\share\vm\prims\methodHandles.cpp, line 1146]
Event: 2.566 Thread 0x0000000000a6e800 Exception <a 'java/lang/NoClassDefFoundError': org/apache/log4j/Priority> (0x00000000edf91a30) thrown at [C:\re\workspace\8-2-build-windows-amd64-cygwin\jdk8u144\9417\hotspot\src\share\vm\classfile\systemDictionary.cpp, line 199]
Event: 4.562 Thread 0x0000000016b60000 Exception <a 'java/net/SocketTimeoutException': connect timed out> (0x00000000ee347ca0) thrown at [C:\re\workspace\8-2-build-windows-amd64-cygwin\jdk8u144\9417\hotspot\src\share\vm\prims\jni.cpp, line 735]
Event: 4.621 Thread 0x0000000000a6e800 Exception <a 'java/lang/IncompatibleClassChangeError': Found class java.lang.Object, but interface was expected> (0x00000000ee403e68) thrown at [C:\re\workspace\8-2-build-windows-amd64-cygwin\jdk8u144\9417\hotspot\src\share\vm\interpreter\linkResolver.cpp
Event: 4.630 Thread 0x0000000000a6e800 Exception <a 'java/lang/NoSuchMethodError': java.lang.Object.lambda$or$2(Ljava/util/function/Predicate;Ljava/lang/Object;)Z> (0x00000000ee412c38) thrown at [C:\re\workspace\8-2-build-windows-amd64-cygwin\jdk8u144\9417\hotspot\src\share\vm\interpreter\link
Event: 4.817 Thread 0x0000000000a6e800 Exception <a 'java/lang/IncompatibleClassChangeError': Found class java.lang.Object, but interface was expected> (0x00000000ed869868) thrown at [C:\re\workspace\8-2-build-windows-amd64-cygwin\jdk8u144\9417\hotspot\src\share\vm\interpreter\linkResolver.cpp

Events (10 events):
Event: 7.612 loading class com/google/common/base/Strings
Event: 7.612 loading class com/google/common/base/Strings done
Event: 34.704 loading class org/openqa/selenium/remote/RemoteWebDriver$RemoteWebDriverOptions$RemoteWindow
Event: 34.704 loading class org/openqa/selenium/remote/RemoteWebDriver$RemoteWebDriverOptions$RemoteWindow done
Event: 34.707 loading class org/openqa/selenium/net/Urls
Event: 34.707 loading class org/openqa/selenium/net/Urls done
Event: 34.710 loading class java/net/URLEncoder
Event: 34.710 loading class java/net/URLEncoder done
Event: 34.711 loading class java/io/CharArrayWriter
Event: 34.711 loading class java/io/CharArrayWriter done


Dynamic libraries:
0x00007ff649320000 - 0x00007ff649357000 	C:\Program Files\Java\jre1.8.0_144\bin\javaw.exe
0x00007ffd61e50000 - 0x00007ffd62022000 	C:\windows\SYSTEM32\ntdll.dll
0x00007ffd61560000 - 0x00007ffd6160c000 	C:\windows\System32\KERNEL32.DLL
0x00007ffd5e520000 - 0x00007ffd5e73d000 	C:\windows\System32\KERNELBASE.dll
0x00007ffd612a0000 - 0x00007ffd61342000 	C:\windows\System32\ADVAPI32.dll
0x00007ffd61c40000 - 0x00007ffd61cde000 	C:\windows\System32\msvcrt.dll
0x00007ffd61ce0000 - 0x00007ffd61d39000 	C:\windows\System32\sechost.dll
0x00007ffd61620000 - 0x00007ffd61741000 	C:\windows\System32\RPCRT4.dll
0x00007ffd61a60000 - 0x00007ffd61bc5000 	C:\windows\System32\USER32.dll
0x00007ffd5f1b0000 - 0x00007ffd5f1ce000 	C:\windows\System32\win32u.dll
0x00007ffd61a20000 - 0x00007ffd61a54000 	C:\windows\System32\GDI32.dll
0x00007ffd5efc0000 - 0x00007ffd5f140000 	C:\windows\System32\gdi32full.dll
0x00007ffd50c50000 - 0x00007ffd50eca000 	C:\windows\WinSxS\amd64_microsoft.windows.common-controls_6595b64144ccf1df_6.0.14393.953_none_42151e83c686086b\COMCTL32.dll
0x00007ffd61750000 - 0x00007ffd61a18000 	C:\windows\System32\combase.dll
0x00007ffd5e740000 - 0x00007ffd5e835000 	C:\windows\System32\ucrtbase.dll
0x00007ffd5f140000 - 0x00007ffd5f1aa000 	C:\windows\System32\bcryptPrimitives.dll
0x00007ffd5f440000 - 0x00007ffd5f46e000 	C:\windows\System32\IMM32.DLL
0x000000005e710000 - 0x000000005e7e2000 	C:\Program Files\Java\jre1.8.0_144\bin\msvcr100.dll
0x000000005c750000 - 0x000000005cfed000 	C:\Program Files\Java\jre1.8.0_144\bin\server\jvm.dll
0x00007ffd61610000 - 0x00007ffd61618000 	C:\windows\System32\PSAPI.DLL
0x00007ffd4ec30000 - 0x00007ffd4ec39000 	C:\windows\SYSTEM32\WSOCK32.dll
0x00007ffd5c770000 - 0x00007ffd5c793000 	C:\windows\SYSTEM32\WINMM.dll
0x00007ffd5a6c0000 - 0x00007ffd5a6ca000 	C:\windows\SYSTEM32\VERSION.dll
0x00007ffd61de0000 - 0x00007ffd61e4a000 	C:\windows\System32\WS2_32.dll
0x00007ffd5c710000 - 0x00007ffd5c73b000 	C:\windows\SYSTEM32\WINMMBASE.dll
0x00007ffd5f390000 - 0x00007ffd5f3d2000 	C:\windows\System32\cfgmgr32.dll
0x000000005f600000 - 0x000000005f60f000 	C:\Program Files\Java\jre1.8.0_144\bin\verify.dll
0x000000005f5d0000 - 0x000000005f5f9000 	C:\Program Files\Java\jre1.8.0_144\bin\java.dll
0x000000005f5b0000 - 0x000000005f5c6000 	C:\Program Files\Java\jre1.8.0_144\bin\zip.dll
0x00007ffd5fa70000 - 0x00007ffd60f78000 	C:\windows\System32\SHELL32.dll
0x00007ffd5e840000 - 0x00007ffd5ef1a000 	C:\windows\System32\windows.storage.dll
0x00007ffd5e2c0000 - 0x00007ffd5e30c000 	C:\windows\System32\powrprof.dll
0x00007ffd5f3e0000 - 0x00007ffd5f432000 	C:\windows\System32\shlwapi.dll
0x00007ffd5e340000 - 0x00007ffd5e34f000 	C:\windows\System32\kernel.appcore.dll
0x00007ffd5f2e0000 - 0x00007ffd5f389000 	C:\windows\System32\shcore.dll
0x00007ffd5e320000 - 0x00007ffd5e334000 	C:\windows\System32\profapi.dll
0x000000005f590000 - 0x000000005f5aa000 	C:\Program Files\Java\jre1.8.0_144\bin\net.dll
0x00007ffd5db90000 - 0x00007ffd5dbec000 	C:\windows\system32\mswsock.dll
0x00007ffd5d950000 - 0x00007ffd5d9f1000 	C:\windows\SYSTEM32\DNSAPI.dll
0x00007ffd5f8a0000 - 0x00007ffd5f8a8000 	C:\windows\System32\NSI.dll
0x00007ffd5d910000 - 0x00007ffd5d948000 	C:\windows\SYSTEM32\IPHLPAPI.DLL
0x000000005f840000 - 0x000000005f866000 	C:\Program Files\Bonjour\mdnsNSP.dll
0x00007ffd504f0000 - 0x00007ffd504fa000 	C:\Windows\System32\rasadhlp.dll
0x00007ffd54f00000 - 0x00007ffd54f6a000 	C:\windows\System32\fwpuclnt.dll
0x00007ffd5e200000 - 0x00007ffd5e22b000 	C:\windows\SYSTEM32\bcrypt.dll
0x00007ffd5dd30000 - 0x00007ffd5dd47000 	C:\windows\SYSTEM32\CRYPTSP.dll
0x00007ffd5d790000 - 0x00007ffd5d7c3000 	C:\windows\system32\rsaenh.dll
0x00007ffd5da10000 - 0x00007ffd5da2f000 	C:\windows\SYSTEM32\USERENV.dll
0x00007ffd5e1f0000 - 0x00007ffd5e1fb000 	C:\windows\SYSTEM32\CRYPTBASE.dll
0x00007ffd593c0000 - 0x00007ffd593d6000 	C:\windows\SYSTEM32\dhcpcsvc6.DLL
0x00007ffd59620000 - 0x00007ffd5963a000 	C:\windows\SYSTEM32\dhcpcsvc.DLL
0x000000005ec30000 - 0x000000005ec41000 	C:\Program Files\Java\jre1.8.0_144\bin\nio.dll
0x000000005ec00000 - 0x000000005ec24000 	C:\Program Files\Java\jre1.8.0_144\bin\sunec.dll

VM Arguments:
jvm_args: -ea -Dfile.encoding=Cp1252 
java_command: org.testng.remote.RemoteTestNG -serport 53651 -protocol json -d C:\Users\DanaF\eclipse-workspace\Wishi.project\test-output C:\Users\DanaF\AppData\Local\Temp\testng-eclipse-1228358984\testng-customsuite.xml
java_class_path (initial): C:\Users\DanaF\eclipse\java-oxygen\eclipse\configuration\org.eclipse.osgi\496\0\.cp\lib\testng-remote.jar;C:\Users\DanaF\eclipse-workspace\Wishi.project\bin;C:\Users\DanaF\Downloads\selenium\selenium-java-3.5.3\lib\cglib-nodep-3.2.4.jar;C:\Users\DanaF\Downloads\selenium\selenium-java-3.5.3\lib\commons-codec-1.10.jar;C:\Users\DanaF\Downloads\selenium\selenium-java-3.5.3\lib\commons-exec-1.3.jar;C:\Users\DanaF\Downloads\selenium\selenium-java-3.5.3\lib\commons-io-2.5.jar;C:\Users\DanaF\Downloads\selenium\selenium-java-3.5.3\lib\commons-lang3-3.5.jar;C:\Users\DanaF\Downloads\selenium\selenium-java-3.5.3\lib\commons-logging-1.2.jar;C:\Users\DanaF\Downloads\selenium\selenium-java-3.5.3\lib\cssparser-0.9.23.jar;C:\Users\DanaF\Downloads\selenium\selenium-java-3.5.3\lib\gson-2.8.0.jar;C:\Users\DanaF\Downloads\selenium\selenium-java-3.5.3\lib\guava-23.0.jar;C:\Users\DanaF\Downloads\selenium\selenium-java-3.5.3\lib\hamcrest-core-1.3.jar;C:\Users\DanaF\Downloads\selenium\selenium-java-3.5.3\lib\htmlunit-2.27.jar;C:\Users\DanaF\Downloads\selenium\selenium-java-3.5.3\lib\htmlunit-core-js-2.27.jar;C:\Users\DanaF\Downloads\selenium\selenium-java-3.5.3\lib\htmlunit-driver-2.27.jar;C:\Users\DanaF\Downloads\selenium\selenium-java-3.5.3\lib\httpclient-4.5.3.jar;C:\Users\DanaF\Downloads\selenium\selenium-java-3.5.3\lib\httpcore-4.4.6.jar;C:\Users\DanaF\Downloads\selenium\selenium-java-3.5.3\lib\httpmime-4.5.3.jar;C:\Users\DanaF\Downloads\selenium\selenium-java-3.5.3\lib\javax.servlet-api-3.1.0.jar;C:\Users\DanaF\Downloads\selenium\selenium-java-3.5.3\lib\jetty-client-9.4.5.v20170502.jar;C:\Users\DanaF\Downloads\selenium\selenium-java-3.5.3\lib\jetty-http-9.4.5.v20170502.jar;C:\Users\DanaF\Downloads\selenium\selenium-java-3.5.3\lib\jetty-io-9.4.5.v20170502.jar;C:\Users\DanaF\Downloads\selenium\selenium-java-3.5.3\lib\jetty-util-9.4.5.v20170502.jar;C:\Users\DanaF\Downloads\selenium\selenium-java-3.5.3\lib\jna-4.1.0.jar;C:\Users\DanaF\Downloads\selenium\seleni
Launcher Type: SUN_STANDARD

Environment Variables:
PATH=C:/Program Files/Java/jre1.8.0_144/bin/server;C:/Program Files/Java/jre1.8.0_144/bin;C:/Program Files/Java/jre1.8.0_144/lib/amd64;C:\ProgramData\Oracle\Java\javapath;C:\windows\system32;C:\windows;C:\windows\System32\Wbem;C:\windows\System32\WindowsPowerShell\v1.0\;C:\Program Files\Intel\WiFi\bin\;C:\Program Files\Common Files\Intel\WirelessCommon\;C:\Users\DanaF\AppData\Local\Microsoft\WindowsApps;;C:\windows\system32;
USERNAME=DanaF
OS=Windows_NT
PROCESSOR_IDENTIFIER=AMD64 Family 22 Model 48 Stepping 1, AuthenticAMD



---------------  S Y S T E M  ---------------

OS: Windows 10.0 , 64 bit Build 14393 (10.0.14393.1198)

CPU:total 4 (initial active 4) (4 cores per cpu, 1 threads per core) family 22 model 48 stepping 1, cmov, cx8, fxsr, mmx, sse, sse2, sse3, ssse3, sse4.1, sse4.2, popcnt, avx, aes, clmul, mmxext, 3dnowpref, lzcnt, sse4a, tsc, tscinvbit, tscinv, bmi1

Memory: 4k page, physical 3636600k(734268k free), swap 7013248k(272k free)

vm_info: Java HotSpot(TM) 64-Bit Server VM (25.144-b01) for windows-amd64 JRE (1.8.0_144-b01), built on Jul 21 2017 21:57:33 by "java_re" with MS VC++ 10.0 (VS2010)

time: Mon Sep 25 20:06:05 2017
elapsed time: 36 seconds (0d 0h 0m 36s)

