[1025/122354.372:ERROR:process_info.cc(632)] range at 0xbdb730aa00000000, size 0x28b fully unreadable
[1025/122354.379:ERROR:process_info.cc(632)] range at 0xbdb7310c00000000, size 0x28b fully unreadable
[1025/122354.380:ERROR:process_info.cc(632)] range at 0x0, size 0x28b fully unreadable
[1025/122354.450:ERROR:process_info.cc(380)] UncheckedAllocate
[1025/122413.852:ERROR:process_info.cc(632)] range at 0xe48b30ac00000000, size 0x2a7 fully unreadable
[1025/122413.855:ERROR:process_info.cc(632)] range at 0xe48b310e00000000, size 0x2a7 fully unreadable
[1025/122413.855:ERROR:process_info.cc(632)] range at 0x0, size 0x2a7 fully unreadable
[1025/122413.921:ERROR:process_info.cc(380)] UncheckedAllocate
[1025/122413.945:ERROR:process_info.cc(632)] range at 0xa09c29f000000000, size 0x243 fully unreadable
[1025/122413.945:ERROR:process_info.cc(632)] range at 0xa09c2a1000000000, size 0x243 fully unreadable
[1025/122413.945:ERROR:process_info.cc(632)] range at 0x0, size 0x243 fully unreadable
[1025/122414.024:ERROR:process_info.cc(380)] UncheckedAllocate
[1025/124854.160:ERROR:process_info.cc(632)] range at 0x27e330b000000000, size 0x115 fully unreadable
[1025/124854.251:ERROR:process_info.cc(632)] range at 0xe26b30d800000000, size 0x229 fully unreadable
[1025/124854.318:ERROR:process_info.cc(632)] range at 0x27e3311200000000, size 0x115 fully unreadable
[1025/124854.318:ERROR:process_info.cc(632)] range at 0xe26b313a00000000, size 0x229 fully unreadable
[1025/124854.318:ERROR:process_info.cc(632)] range at 0x0, size 0x115 fully unreadable
[1025/124854.318:ERROR:process_info.cc(632)] range at 0x0, size 0x229 fully unreadable
[1025/124854.713:ERROR:process_info.cc(632)] range at 0x40c529f600000000, size 0x2aa fully unreadable
[1025/124854.713:ERROR:process_info.cc(632)] range at 0x40c52a1600000000, size 0x2aa fully unreadable
[1025/124854.713:ERROR:process_info.cc(632)] range at 0x0, size 0x2aa fully unreadable
[1025/124854.884:ERROR:process_info.cc(380)] UncheckedAllocate
[1025/124854.887:ERROR:process_info.cc(380)] UncheckedAllocate
[1025/124855.434:ERROR:process_info.cc(380)] UncheckedAllocate
[1025/124927.538:ERROR:process_info.cc(632)] range at 0x597128ea00000000, size 0x208 fully unreadable
[1025/124927.540:ERROR:process_info.cc(632)] range at 0x5971290a00000000, size 0x208 fully unreadable
[1025/124927.540:ERROR:process_info.cc(632)] range at 0x0, size 0x208 fully unreadable
[1025/124927.650:ERROR:process_info.cc(380)] UncheckedAllocate
[1025/124927.869:ERROR:process_info.cc(632)] range at 0xda7e30c800000000, size 0x19f fully unreadable
[1025/124927.869:ERROR:process_info.cc(632)] range at 0xda7e312800000000, size 0x19f fully unreadable
[1025/124927.869:ERROR:process_info.cc(632)] range at 0x0, size 0x19f fully unreadable
[1025/124931.376:ERROR:process_reader_win.cc(242)] ReadMemory at 0x7ff7f58d0000 of 64 bytes failed: Only part of a ReadProcessMemory or WriteProcessMemory request was completed. (0x12B)
[1025/124931.376:WARNING:pe_image_reader.cc(281)] could not read dos header from C:\Program Files (x86)\Google\Chrome\Application\chrome.exe
[1025/124931.376:ERROR:process_reader_win.cc(242)] ReadMemory at 0x7ff8f6750000 of 64 bytes failed: Only part of a ReadProcessMemory or WriteProcessMemory request was completed. (0x12B)
[1025/124931.376:WARNING:pe_image_reader.cc(281)] could not read dos header from C:\windows\SYSTEM32\ntdll.dll
[1025/124931.376:ERROR:process_reader_win.cc(242)] ReadMemory at 0x7ff8f3060000 of 64 bytes failed: Only part of a ReadProcessMemory or WriteProcessMemory request was completed. (0x12B)
[1025/124931.376:WARNING:pe_image_reader.cc(281)] could not read dos header from C:\windows\System32\KERNELBASE.dll
[1025/124931.376:ERROR:process_reader_win.cc(242)] ReadMemory at 0x7ff8f3ce0000 of 64 bytes failed: Only part of a ReadProcessMemory or WriteProcessMemory request was completed. (0x12B)
[1025/124931.376:WARNING:pe_image_reader.cc(281)] could not read dos header from C:\windows\System32\KERNEL32.DLL
[1025/124931.376:ERROR:process_reader_win.cc(242)] ReadMemory at 0x7ff8f1160000 of 64 bytes failed: Only part of a ReadProcessMemory or WriteProcessMemory request was completed. (0x12B)
[1025/124931.376:WARNING:pe_image_reader.cc(281)] could not read dos header from C:\windows\system32\apphelp.dll
[1025/124931.376:ERROR:process_reader_win.cc(242)] ReadMemory at 0x7ff8df770000 of 64 bytes failed: Only part of a ReadProcessMemory or WriteProcessMemory request was completed. (0x12B)
[1025/124931.376:WARNING:pe_image_reader.cc(281)] could not read dos header from C:\windows\AppPatch\AppPatch64\AcGenral.dll
[1025/124931.376:ERROR:process_reader_win.cc(242)] ReadMemory at 0x7ff8f6510000 of 64 bytes failed: Only part of a ReadProcessMemory or WriteProcessMemory request was completed. (0x12B)
[1025/124931.376:WARNING:pe_image_reader.cc(281)] could not read dos header from C:\windows\System32\msvcrt.dll
[1025/124931.376:ERROR:process_reader_win.cc(242)] ReadMemory at 0x7ff8f5fd0000 of 64 bytes failed: Only part of a ReadProcessMemory or WriteProcessMemory request was completed. (0x12B)
[1025/124931.376:WARNING:pe_image_reader.cc(281)] could not read dos header from C:\windows\System32\RPCRT4.dll
[1025/124931.376:ERROR:process_reader_win.cc(242)] ReadMemory at 0x7ff8f4490000 of 64 bytes failed: Only part of a ReadProcessMemory or WriteProcessMemory request was completed. (0x12B)
[1025/124931.376:WARNING:pe_image_reader.cc(281)] could not read dos header from C:\windows\System32\sechost.dll
[1025/124931.376:ERROR:process_reader_win.cc(242)] ReadMemory at 0x7ff8f2890000 of 64 bytes failed: Only part of a ReadProcessMemory or WriteProcessMemory request was completed. (0x12B)
[1025/124931.376:WARNING:pe_image_reader.cc(281)] could not read dos header from C:\windows\SYSTEM32\SspiCli.dll
[1025/124931.376:ERROR:process_reader_win.cc(242)] ReadMemory at 0x7ff8f3280000 of 64 bytes failed: Only part of a ReadProcessMemory or WriteProcessMemory request was completed. (0x12B)
[1025/124931.376:WARNING:pe_image_reader.cc(281)] could not read dos header from C:\windows\System32\ucrtbase.dll
[1025/124931.376:ERROR:process_reader_win.cc(242)] ReadMemory at 0x7ff8f2c50000 of 64 bytes failed: Only part of a ReadProcessMemory or WriteProcessMemory request was completed. (0x12B)
[1025/124931.376:WARNING:pe_image_reader.cc(281)] could not read dos header from C:\windows\System32\bcryptPrimitives.dll
[1025/124931.376:ERROR:process_reader_win.cc(242)] ReadMemory at 0x7ff8f6240000 of 64 bytes failed: Only part of a ReadProcessMemory or WriteProcessMemory request was completed. (0x12B)
[1025/124931.376:WARNING:pe_image_reader.cc(281)] could not read dos header from C:\windows\System32\combase.dll
[1025/124931.376:ERROR:process_reader_win.cc(242)] ReadMemory at 0x7ff8f3cc0000 of 64 bytes failed: Only part of a ReadProcessMemory or WriteProcessMemory request was completed. (0x12B)
[1025/124931.376:WARNING:pe_image_reader.cc(281)] could not read dos header from C:\windows\System32\win32u.dll
[1025/124931.376:ERROR:process_reader_win.cc(242)] ReadMemory at 0x7ff8f3da0000 of 64 bytes failed: Only part of a ReadProcessMemory or WriteProcessMemory request was completed. (0x12B)
[1025/124931.376:WARNING:pe_image_reader.cc(281)] could not read dos header from C:\windows\System32\USER32.dll
[1025/124931.376:ERROR:process_reader_win.cc(242)] ReadMemory at 0x7ff8f2ee0000 of 64 bytes failed: Only part of a ReadProcessMemory or WriteProcessMemory request was completed. (0x12B)
[1025/124931.376:WARNING:pe_image_reader.cc(281)] could not read dos header from C:\windows\System32\gdi32full.dll
[1025/124931.376:ERROR:process_reader_win.cc(242)] ReadMemory at 0x7ff8f4020000 of 64 bytes failed: Only part of a ReadProcessMemory or WriteProcessMemory request was completed. (0x12B)
[1025/124931.376:WARNING:pe_image_reader.cc(281)] could not read dos header from C:\windows\System32\GDI32.dll
[1025/124931.376:ERROR:process_reader_win.cc(242)] ReadMemory at 0x7ff8f4570000 of 64 bytes failed: Only part of a ReadProcessMemory or WriteProcessMemory request was completed. (0x12B)
[1025/124931.376:WARNING:pe_image_reader.cc(281)] could not read dos header from C:\windows\System32\IMM32.DLL
[1025/124931.376:ERROR:process_reader_win.cc(242)] ReadMemory at 0x7ff8f4610000 of 64 bytes failed: Only part of a ReadProcessMemory or WriteProcessMemory request was completed. (0x12B)
[1025/124931.376:WARNING:pe_image_reader.cc(281)] could not read dos header from C:\windows\System32\SHLWAPI.dll
[1025/124931.376:ERROR:process_reader_win.cc(242)] ReadMemory at 0x7ff8f6100000 of 64 bytes failed: Only part of a ReadProcessMemory or WriteProcessMemory request was completed. (0x12B)
[1025/124931.376:WARNING:pe_image_reader.cc(281)] could not read dos header from C:\windows\System32\ole32.dll
[1025/124931.376:ERROR:process_reader_win.cc(242)] ReadMemory at 0x7ff8f2e90000 of 64 bytes failed: Only part of a ReadProcessMemory or WriteProcessMemory request was completed. (0x12B)
[1025/124931.376:WARNING:pe_image_reader.cc(281)] could not read dos header from C:\windows\System32\cfgmgr32.dll
[1025/124931.376:ERROR:process_reader_win.cc(242)] ReadMemory at 0x7ff8f2c00000 of 64 bytes failed: Only part of a ReadProcessMemory or WriteProcessMemory request was completed. (0x12B)
[1025/124931.376:WARNING:pe_image_reader.cc(281)] could not read dos header from C:\windows\System32\powrprof.dll
[1025/124931.376:ERROR:process_reader_win.cc(242)] ReadMemory at 0x7ff8f5f20000 of 64 bytes failed: Only part of a ReadProcessMemory or WriteProcessMemory request was completed. (0x12B)
[1025/124931.376:WARNING:pe_image_reader.cc(281)] could not read dos header from C:\windows\System32\advapi32.dll
[1025/124931.376:ERROR:process_reader_win.cc(242)] ReadMemory at 0x7ff8f2bc0000 of 64 bytes failed: Only part of a ReadProcessMemory or WriteProcessMemory request was completed. (0x12B)
[1025/124931.376:WARNING:pe_image_reader.cc(281)] could not read dos header from C:\windows\System32\kernel.appcore.dll
[1025/124931.376:ERROR:process_reader_win.cc(242)] ReadMemory at 0x7ff8f3b00000 of 64 bytes failed: Only part of a ReadProcessMemory or WriteProcessMemory request was completed. (0x12B)
[1025/124931.376:WARNING:pe_image_reader.cc(281)] could not read dos header from C:\windows\System32\shcore.dll
[1025/124931.376:ERROR:process_reader_win.cc(242)] ReadMemory at 0x7ff8f2bd0000 of 64 bytes failed: Only part of a ReadProcessMemory or WriteProcessMemory request was completed. (0x12B)
[1025/124931.376:WARNING:pe_image_reader.cc(281)] could not read dos header from C:\windows\System32\profapi.dll
[1025/124931.376:ERROR:process_reader_win.cc(242)] ReadMemory at 0x7ff8f3420000 of 64 bytes failed: Only part of a ReadProcessMemory or WriteProcessMemory request was completed. (0x12B)
[1025/124931.376:WARNING:pe_image_reader.cc(281)] could not read dos header from C:\windows\System32\windows.storage.dll
[1025/200711.904:ERROR:process_info.cc(632)] range at 0x7381308e00000000, size 0x142 fully unreadable
[1025/200711.908:ERROR:process_info.cc(632)] range at 0x738130f200000000, size 0x142 fully unreadable
[1025/200711.908:ERROR:process_info.cc(632)] range at 0x0, size 0x142 fully unreadable
[1025/200711.968:ERROR:process_info.cc(380)] UncheckedAllocate
[1025/201346.118:ERROR:process_info.cc(632)] range at 0x3287308e00000000, size 0x2cc fully unreadable
[1025/201346.118:ERROR:process_info.cc(632)] range at 0x328730f200000000, size 0x2cc fully unreadable
[1025/201346.118:ERROR:process_info.cc(632)] range at 0x0, size 0x2cc fully unreadable
[1025/201346.227:ERROR:process_info.cc(380)] UncheckedAllocate
[1025/201503.584:ERROR:process_info.cc(632)] range at 0x26b028d800000000, size 0x1a0 fully unreadable
[1025/201503.584:ERROR:process_info.cc(632)] range at 0x26b028f800000000, size 0x1a0 fully unreadable
[1025/201503.584:ERROR:process_info.cc(632)] range at 0x0, size 0x1a0 fully unreadable
[1025/201503.698:ERROR:process_info.cc(380)] UncheckedAllocate
[1025/201533.740:ERROR:process_info.cc(632)] range at 0x51ef308c00000000, size 0x217 fully unreadable
[1025/201533.744:ERROR:process_info.cc(632)] range at 0x51ef30ee00000000, size 0x217 fully unreadable
[1025/201533.744:ERROR:process_info.cc(632)] range at 0x0, size 0x217 fully unreadable
[1025/202324.598:ERROR:process_info.cc(632)] range at 0xa73c308c00000000, size 0x2bb fully unreadable
[1025/202324.600:ERROR:process_info.cc(632)] range at 0xa73c30f000000000, size 0x2bb fully unreadable
[1025/202324.600:ERROR:process_info.cc(632)] range at 0x0, size 0x2bb fully unreadable
[1025/202324.673:ERROR:process_info.cc(380)] UncheckedAllocate
[1025/202409.557:ERROR:process_info.cc(632)] range at 0x7dd3308a00000000, size 0x1be fully unreadable
[1025/202409.560:ERROR:process_info.cc(632)] range at 0x7dd330ec00000000, size 0x1be fully unreadable
[1025/202409.560:ERROR:process_info.cc(632)] range at 0x0, size 0x1be fully unreadable
[1025/202409.660:ERROR:process_info.cc(380)] UncheckedAllocate
[1025/202655.629:ERROR:process_info.cc(632)] range at 0x6b36308a00000000, size 0x1c8 fully unreadable
[1025/202655.631:ERROR:process_info.cc(632)] range at 0x6b3630ee00000000, size 0x1c8 fully unreadable
[1025/202655.631:ERROR:process_info.cc(632)] range at 0x0, size 0x1c8 fully unreadable
[1025/202655.687:ERROR:process_info.cc(380)] UncheckedAllocate
[1026/150228.776:ERROR:process_info.cc(632)] range at 0xd060308e00000000, size 0x1f3 fully unreadable
[1026/150228.973:ERROR:process_info.cc(632)] range at 0xd06030f000000000, size 0x1f3 fully unreadable
[1026/150228.973:ERROR:process_info.cc(632)] range at 0x0, size 0x1f3 fully unreadable
[1026/150229.422:ERROR:process_info.cc(380)] UncheckedAllocate
[1026/150258.956:ERROR:process_info.cc(632)] range at 0xaecd28d600000000, size 0x241 fully unreadable
[1026/150258.958:ERROR:process_info.cc(632)] range at 0xaecd28f600000000, size 0x241 fully unreadable
[1026/150258.958:ERROR:process_info.cc(632)] range at 0x0, size 0x241 fully unreadable
[1026/150259.071:ERROR:process_info.cc(380)] UncheckedAllocate
